2025-01-14 20:21:46 Loading main app package /usr/lib/obsidian/obsidian.asar
2025-01-14 20:21:46 Checking for update using Github
2025-01-14 20:21:47 Success.
2025-01-14 20:21:47 Latest version is 1.7.7
2025-01-14 20:21:47 App is up to date.
2025-01-14 20:55:11 Loading main app package /usr/lib/obsidian/obsidian.asar
2025-01-14 20:55:11 Checking for update using Github
2025-01-14 20:55:11 Success.
2025-01-14 20:55:11 Latest version is 1.7.7
2025-01-14 20:55:11 App is up to date.
2025-02-26 22:50:24 Loading main app package /usr/lib/obsidian/obsidian.asar
2025-02-26 22:50:24 Checking for update using Github
2025-02-26 22:50:24 Success.
2025-02-26 22:50:24 Latest version is 1.8.7
2025-02-26 22:50:24 App is up to date.
2025-02-26 21:51:37 Loading main app package /usr/lib/obsidian/obsidian.asar
2025-02-26 21:51:38 Checking for update using Github
2025-02-26 21:51:38 Success.
2025-02-26 21:51:38 Latest version is 1.8.7
2025-02-26 21:51:38 App is up to date.
2025-02-26 21:52:39 Loading main app package /usr/lib/obsidian/obsidian.asar
2025-02-26 21:52:39 Checking for update using Github
2025-02-26 21:52:39 Success.
2025-02-26 21:52:39 Latest version is 1.8.7
2025-02-26 21:52:39 App is up to date.
2025-02-26 21:53:01 Loading main app package /usr/lib/obsidian/obsidian.asar
2025-02-26 21:53:01 Checking for update using Github
2025-02-26 21:53:01 Success.
2025-02-26 21:53:01 Latest version is 1.8.7
2025-02-26 21:53:01 App is up to date.
2025-02-26 21:57:23 Loading main app package /usr/lib/obsidian/obsidian.asar
2025-02-26 21:57:23 Checking for update using Github
2025-02-26 21:57:23 Success.
2025-02-26 21:57:23 Latest version is 1.8.7
2025-02-26 21:57:23 App is up to date.
2025-03-06 18:16:53 Loading main app package /usr/lib/obsidian/obsidian.asar
2025-03-06 18:16:53 Checking for update using Github
2025-03-06 18:16:54 Success.
2025-03-06 18:16:54 Latest version is 1.8.9
2025-03-06 18:16:54 Downloading update from https://github.com/obsidianmd/obsidian-releases/releases/download/v1.8.9/obsidian-1.8.9.asar.gz
2025-03-06 18:16:55 Verifying hash & signature. Size= 8125625
2025-03-06 18:16:55 Saving file
2025-03-06 18:16:56 Update complete.
2025-03-06 18:17:14 Loading updated app package /home/bluelotus/.config/obsidian/obsidian-1.8.9.asar
2025-03-06 18:17:14 Checking for update using Github
2025-03-06 18:17:14 Success.
2025-03-06 18:17:14 Latest version is 1.8.9
2025-03-06 18:17:14 App is up to date.
2025-03-06 18:17:50 Loading updated app package /home/bluelotus/.config/obsidian/obsidian-1.8.9.asar
2025-03-06 18:17:50 Checking for update using Github
2025-03-06 18:17:50 Success.
2025-03-06 18:17:50 Latest version is 1.8.9
2025-03-06 18:17:50 App is up to date.
2025-03-07 20:31:10 Loading updated app package /home/bluelotus/.config/obsidian/obsidian-1.8.9.asar
2025-03-07 20:31:10 Checking for update using Github
2025-03-07 20:31:10 Success.
2025-03-07 20:31:10 Latest version is 1.8.9
2025-03-07 20:31:10 App is up to date.
2025-03-07 20:36:26 Loading updated app package /home/bluelotus/.config/obsidian/obsidian-1.8.9.asar
2025-03-07 20:36:26 Checking for update using Github
2025-03-07 20:36:26 Success.
2025-03-07 20:36:26 Latest version is 1.8.9
2025-03-07 20:36:26 App is up to date.
2025-03-07 20:38:10 Loading updated app package /home/bluelotus/.config/obsidian/obsidian-1.8.9.asar
2025-03-07 20:38:10 Checking for update using Github
2025-03-07 20:38:10 Success.
2025-03-07 20:38:10 Latest version is 1.8.9
2025-03-07 20:38:10 App is up to date.
2025-03-07 20:56:21 Loading main app package /usr/lib/obsidian/obsidian.asar
2025-03-07 20:56:21 Checking for update using Github
2025-03-07 20:56:38 Loading main app package /usr/lib/obsidian/obsidian.asar
2025-03-07 20:56:39 Checking for update using Github
2025-03-07 20:56:50 Loading main app package /usr/lib/obsidian/obsidian.asar
2025-03-07 20:56:50 Checking for update using Github
2025-03-07 20:57:09 Loading main app package /usr/lib/obsidian/obsidian.asar
2025-03-07 20:57:09 Checking for update using Github
2025-03-07 20:58:09 Loading main app package /usr/lib/obsidian/obsidian.asar
2025-03-07 20:58:10 Checking for update using Github
2025-03-07 20:58:10 Success.
2025-03-07 20:58:10 Latest version is 1.8.9
2025-03-07 20:58:10 App is up to date.
2025-03-07 20:58:27 Loading main app package /usr/lib/obsidian/obsidian.asar
2025-03-07 20:58:27 Checking for update using Github
2025-03-07 20:58:27 Success.
2025-03-07 20:58:27 Latest version is 1.8.9
2025-03-07 20:58:27 App is up to date.
2025-03-08 10:09:32 Loading main app package /usr/lib/obsidian/obsidian.asar
2025-03-08 10:09:32 Checking for update using Github
2025-03-08 10:09:32 Success.
2025-03-08 10:09:32 Latest version is 1.8.9
2025-03-08 10:09:32 App is up to date.
2025-03-08 10:19:03 Loading main app package /usr/lib/obsidian/obsidian.asar
2025-03-08 10:19:03 Checking for update using Github
2025-03-08 10:19:04 Success.
2025-03-08 10:19:04 Latest version is 1.8.9
2025-03-08 10:19:04 App is up to date.
2025-03-08 11:19:03 Checking for update using Github
2025-03-08 11:19:04 Success.
2025-03-08 11:19:04 Latest version is 1.8.9
2025-03-08 11:19:04 App is up to date.
2025-03-08 14:07:26 Loading main app package /usr/lib/obsidian/obsidian.asar
2025-03-08 14:07:27 Checking for update using Github
2025-03-08 14:07:27 Success.
2025-03-08 14:07:27 Latest version is 1.8.9
2025-03-08 14:07:27 App is up to date.
2025-03-08 14:15:54 Loading main app package /usr/lib/obsidian/obsidian.asar
2025-03-08 14:15:54 Checking for update using Github
2025-03-08 15:07:26 Checking for update using Github
2025-03-08 15:07:27 Success.
2025-03-08 15:07:27 Latest version is 1.8.9
2025-03-08 15:07:27 App is up to date.
2025-03-08 15:41:36 Loading main app package /usr/lib/obsidian/obsidian.asar
2025-03-08 15:41:37 Checking for update using Github
2025-03-08 15:41:37 Success.
2025-03-08 15:41:37 Latest version is 1.8.9
2025-03-08 15:41:37 App is up to date.
2025-03-08 20:06:47 Loading main app package /usr/lib/obsidian/obsidian.asar
2025-03-08 20:06:47 Checking for update using Github
2025-03-08 20:06:48 Success.
2025-03-08 20:06:48 Latest version is 1.8.9
2025-03-08 20:06:48 App is up to date.
2025-03-09 09:14:10 Loading main app package /usr/lib/obsidian/obsidian.asar
2025-03-09 09:14:10 Checking for update using Github
2025-03-09 09:14:11 Success.
2025-03-09 09:14:11 Latest version is 1.8.9
2025-03-09 09:14:11 App is up to date.
2025-03-09 10:14:10 Checking for update using Github
2025-03-09 10:14:11 Success.
2025-03-09 10:14:11 Latest version is 1.8.9
2025-03-09 10:14:11 App is up to date.
2025-03-09 10:29:18 Loading main app package /usr/lib/obsidian/obsidian.asar
2025-03-09 10:29:19 Checking for update using Github
2025-03-09 10:29:19 Success.
2025-03-09 10:29:19 Latest version is 1.8.9
2025-03-09 10:29:19 App is up to date.
2025-03-09 11:29:18 Checking for update using Github
2025-03-09 11:29:19 Success.
2025-03-09 11:29:19 Latest version is 1.8.9
2025-03-09 11:29:19 App is up to date.
2025-03-09 12:19:44 Loading main app package /usr/lib/obsidian/obsidian.asar
2025-03-09 12:19:44 Checking for update using Github
2025-03-09 12:19:44 Success.
2025-03-09 12:19:44 Latest version is 1.8.9
2025-03-09 12:19:44 App is up to date.
2025-03-09 13:54:28 Loading main app package /usr/lib/obsidian/obsidian.asar
2025-03-09 13:54:28 Checking for update using Github
2025-03-09 13:54:29 Success.
2025-03-09 13:54:29 Latest version is 1.8.9
2025-03-09 13:54:29 App is up to date.
2025-03-09 14:54:28 Checking for update using Github
2025-03-09 14:54:29 Success.
2025-03-09 14:54:29 Latest version is 1.8.9
2025-03-09 14:54:29 App is up to date.
2025-03-09 15:54:28 Checking for update using Github
2025-03-09 15:54:29 Success.
2025-03-09 15:54:29 Latest version is 1.8.9
2025-03-09 15:54:29 App is up to date.
2025-03-09 16:54:28 Checking for update using Github
2025-03-09 16:54:29 Success.
2025-03-09 16:54:29 Latest version is 1.8.9
2025-03-09 16:54:29 App is up to date.
2025-03-09 17:24:03 Loading main app package /usr/lib/obsidian/obsidian.asar
2025-03-09 17:24:03 Checking for update using Github
2025-03-09 17:24:04 Success.
2025-03-09 17:24:04 Latest version is 1.8.9
2025-03-09 17:24:04 App is up to date.
2025-03-09 17:24:57 Loading main app package /usr/lib/obsidian/obsidian.asar
2025-03-09 17:24:57 Checking for update using Github
2025-03-09 17:24:57 Success.
2025-03-09 17:24:57 Latest version is 1.8.9
2025-03-09 17:24:57 App is up to date.
2025-03-09 18:24:57 Checking for update using Github
2025-03-09 18:24:57 Success.
2025-03-09 18:24:57 Latest version is 1.8.9
2025-03-09 18:24:57 App is up to date.
2025-03-09 19:24:57 Checking for update using Github
2025-03-09 19:24:57 Success.
2025-03-09 19:24:57 Latest version is 1.8.9
2025-03-09 19:24:57 App is up to date.
2025-03-09 20:00:37 Loading main app package /usr/lib/obsidian/obsidian.asar
2025-03-09 20:00:37 Checking for update using Github
2025-03-09 20:00:37 Success.
2025-03-09 20:00:37 Latest version is 1.8.9
2025-03-09 20:00:37 App is up to date.
2025-03-20 20:03:30 Loading main app package /usr/lib/obsidian/obsidian.asar
2025-03-20 20:03:30 Checking for update using Github
2025-03-20 20:03:30 Success.
2025-03-20 20:03:30 Latest version is 1.8.9
2025-03-20 20:03:30 App is up to date.
2025-03-21 19:26:10 Loading main app package /usr/lib/obsidian/obsidian.asar
2025-03-21 19:26:10 Checking for update using Github
2025-03-21 19:26:11 Success.
2025-03-21 19:26:11 Latest version is 1.8.9
2025-03-21 19:26:11 App is up to date.
2025-03-21 19:54:56 Loading main app package /usr/lib/obsidian/obsidian.asar
2025-03-21 19:54:56 Checking for update using Github
2025-03-21 19:54:56 Success.
2025-03-21 19:54:56 Latest version is 1.8.9
2025-03-21 19:54:56 App is up to date.
2025-03-21 19:56:20 Loading main app package /usr/lib/obsidian/obsidian.asar
2025-03-21 19:56:20 Checking for update using Github
2025-03-21 19:56:20 Success.
2025-03-21 19:56:20 Latest version is 1.8.9
2025-03-21 19:56:20 App is up to date.
2025-03-23 09:36:15 Loading main app package /usr/lib/obsidian/obsidian.asar
2025-03-23 09:36:16 Checking for update using Github
2025-03-23 09:36:16 Success.
2025-03-23 09:36:16 Latest version is 1.8.9
2025-03-23 09:36:16 App is up to date.
2025-03-23 09:41:01 Loading main app package /usr/lib/obsidian/obsidian.asar
2025-03-23 09:41:01 Checking for update using Github
2025-03-23 09:41:01 Success.
2025-03-23 09:41:01 Latest version is 1.8.9
2025-03-23 09:41:01 App is up to date.
2025-03-23 15:10:11 Loading main app package /usr/lib/obsidian/obsidian.asar
2025-03-23 15:10:11 Checking for update using Github
2025-03-23 15:10:12 Success.
2025-03-23 15:10:12 Latest version is 1.8.9
2025-03-23 15:10:12 App is up to date.
2025-03-23 16:10:11 Checking for update using Github
2025-03-23 16:10:11 Success.
2025-03-23 16:10:11 Latest version is 1.8.9
2025-03-23 16:10:11 App is up to date.
2025-03-23 17:10:11 Checking for update using Github
2025-03-23 17:10:31 Failed to check for update using Github (net::ERR_NAME_NOT_RESOLVED)
2025-03-23 17:10:31 Checking for update using obsidian.md
2025-03-23 17:10:51 Failed to check for update using obsidian.md (net::ERR_NAME_NOT_RESOLVED)
2025-03-23 17:28:26 Loading main app package /usr/lib/obsidian/obsidian.asar
2025-03-23 17:28:26 Checking for update using Github
2025-03-23 17:28:26 Success.
2025-03-23 17:28:26 Latest version is 1.8.9
2025-03-23 17:28:26 App is up to date.
2025-03-23 19:54:38 Loading main app package /usr/lib/obsidian/obsidian.asar
2025-03-23 19:54:39 Checking for update using Github
2025-03-23 19:54:39 Success.
2025-03-23 19:54:39 Latest version is 1.8.9
2025-03-23 19:54:39 App is up to date.
2025-03-23 20:00:48 Loading main app package /usr/lib/obsidian/obsidian.asar
2025-03-23 20:00:48 Checking for update using Github
2025-03-23 20:00:48 Success.
2025-03-23 20:00:48 Latest version is 1.8.9
2025-03-23 20:00:48 App is up to date.
2025-03-23 20:05:15 Loading main app package /usr/lib/obsidian/obsidian.asar
2025-03-23 20:05:16 Checking for update using Github
2025-03-23 20:05:16 Success.
2025-03-23 20:05:16 Latest version is 1.8.9
2025-03-23 20:05:16 App is up to date.
2025-03-23 20:06:57 Loading main app package /usr/lib/obsidian/obsidian.asar
2025-03-23 20:06:57 Checking for update using Github
2025-03-23 20:06:57 Success.
2025-03-23 20:06:57 Latest version is 1.8.9
2025-03-23 20:06:57 App is up to date.
2025-03-23 20:08:35 Loading main app package /usr/lib/obsidian/obsidian.asar
2025-03-23 20:08:35 Checking for update using Github
2025-03-23 20:08:35 Success.
2025-03-23 20:08:35 Latest version is 1.8.9
2025-03-23 20:08:35 App is up to date.
2025-03-23 21:08:35 Checking for update using Github
2025-03-23 21:08:35 Success.
2025-03-23 21:08:35 Latest version is 1.8.9
2025-03-23 21:08:35 App is up to date.
2025-03-24 08:17:51 Loading main app package /usr/lib/obsidian/obsidian.asar
2025-03-24 08:17:51 Checking for update using Github
2025-03-24 08:17:52 Success.
2025-03-24 08:17:52 Latest version is 1.8.9
2025-03-24 08:17:52 App is up to date.
2025-03-24 09:17:51 Checking for update using Github
2025-03-24 09:17:52 Success.
2025-03-24 09:17:52 Latest version is 1.8.9
2025-03-24 09:17:52 App is up to date.
2025-03-24 11:20:07 Loading main app package /usr/lib/obsidian/obsidian.asar
2025-03-24 11:20:08 Checking for update using Github
2025-03-24 11:20:08 Success.
2025-03-24 11:20:08 Latest version is 1.8.9
2025-03-24 11:20:08 App is up to date.
2025-04-03 20:59:00 Loading main app package /usr/lib/obsidian/obsidian.asar
2025-04-03 20:59:01 Checking for update using Github
2025-04-03 20:59:01 Failed to check for update using Github (net::ERR_NAME_NOT_RESOLVED)
2025-04-03 20:59:01 Checking for update using obsidian.md
2025-04-03 20:59:01 Failed to check for update using obsidian.md (net::ERR_NAME_NOT_RESOLVED)
2025-06-02 17:07:44 Loading main app package /usr/lib/obsidian/obsidian.asar
2025-06-02 17:07:45 Checking for update using Github
2025-06-02 17:07:45 Success.
2025-06-02 17:07:45 Latest version is 1.8.10
2025-06-02 17:07:45 App is up to date.
2025-06-02 17:10:44 Loading main app package /usr/lib/obsidian/obsidian.asar
2025-06-02 17:10:44 Checking for update using Github
2025-06-02 17:10:44 Success.
2025-06-02 17:10:44 Latest version is 1.8.10
2025-06-02 17:10:44 App is up to date.
2025-06-02 19:06:03 Checking for update using Github
2025-06-02 19:06:03 Success.
2025-06-02 19:06:03 Latest version is 1.8.10
2025-06-02 19:06:03 App is up to date.
2025-06-02 20:06:04 Checking for update using Github
2025-06-02 20:06:04 Success.
2025-06-02 20:06:04 Latest version is 1.8.10
2025-06-02 20:06:04 App is up to date.
2025-06-02 20:13:12 Loading main app package /usr/lib/obsidian/obsidian.asar
2025-06-02 20:13:12 Checking for update using Github
2025-06-02 20:13:12 Success.
2025-06-02 20:13:12 Latest version is 1.8.10
2025-06-02 20:13:12 App is up to date.
2025-06-02 20:19:45 Loading main app package /usr/lib/obsidian/obsidian.asar
2025-06-02 20:19:46 Checking for update using Github
2025-06-02 20:19:46 Success.
2025-06-02 20:19:46 Latest version is 1.8.10
2025-06-02 20:19:46 App is up to date.
2025-06-02 20:20:58 Loading main app package /usr/lib/obsidian/obsidian.asar
2025-06-02 20:20:58 Checking for update using Github
2025-06-02 20:20:58 Success.
2025-06-02 20:20:58 Latest version is 1.8.10
2025-06-02 20:20:58 App is up to date.
2025-06-03 19:18:09 Loading main app package /usr/lib/obsidian/obsidian.asar
2025-06-03 19:18:09 Checking for update using Github
2025-06-03 19:18:09 Success.
2025-06-03 19:18:09 Latest version is 1.8.10
2025-06-03 19:18:09 App is up to date.
2025-06-04 21:20:58 Loading main app package /usr/lib/obsidian/obsidian.asar
2025-06-04 21:20:59 Checking for update using Github
2025-06-04 21:20:59 Success.
2025-06-04 21:20:59 Latest version is 1.8.10
2025-06-04 21:20:59 App is up to date.
2025-06-04 21:25:01 Loading main app package /usr/lib/obsidian/obsidian.asar
2025-06-04 21:25:01 Checking for update using Github
2025-06-04 21:25:01 Success.
2025-06-04 21:25:01 Latest version is 1.8.10
2025-06-04 21:25:01 App is up to date.
2025-06-05 19:12:10 Loading main app package /usr/lib/obsidian/obsidian.asar
2025-06-05 19:12:11 Checking for update using Github
2025-06-05 19:12:11 Success.
2025-06-05 19:12:11 Latest version is 1.8.10
2025-06-05 19:12:11 App is up to date.
2025-06-05 20:12:10 Checking for update using Github
2025-06-05 20:12:10 Success.
2025-06-05 20:12:10 Latest version is 1.8.10
2025-06-05 20:12:10 App is up to date.
